<?xml version="1.0" encoding="UTF-8"?>
<!-- Generated by org.testng.reporters.JUnitXMLReporter -->
<testsuite ignored="0" hostname="DESKTOP-78NQA47" failures="2" tests="6" name="Test" time="22.266" errors="0" timestamp="2023-12-09T10:49:49 IST">
  <testcase classname="day41.Orangehrm" name="testLogo" time="3.103"/>
  <testcase classname="day41.Orangehrm" name="testAppURL" time="0.022">
    <failure type="java.lang.AssertionError" message="expected [https://opensourcehrm.com] but found [https://opensource-demo.orangehrmlive.com/web/index.php/auth/login]">
      <![CDATA[java.lang.AssertionError: expected [https://opensourcehrm.com] but found [https://opensource-demo.orangehrmlive.com/web/index.php/auth/login]
at day41.Orangehrm.testAppURL(Orangehrm.java:51)
at java.base/java.util.ArrayList.forEach(ArrayList.java:1511)
... Removed 33 stack frames]]>
    </failure>
  </testcase> <!-- testAppURL -->
  <testcase classname="day41.Orangehrm" name="testHomePageTitle" time="0.001">
    <skipped/>
  </testcase> <!-- testHomePageTitle -->
  <testcase classname="day41.Orangehrm2" name="testLogo" time="3.057"/>
  <testcase classname="day41.Orangehrm2" name="testAppURL" time="0.019">
    <failure type="java.lang.AssertionError" message="expected [https://opensourcehrm.com] but found [https://opensource-demo.orangehrmlive.com/web/index.php/auth/login]">
      <![CDATA[java.lang.AssertionError: expected [https://opensourcehrm.com] but found [https://opensource-demo.orangehrmlive.com/web/index.php/auth/login]
at day41.Orangehrm2.testAppURL(Orangehrm2.java:51)
at java.base/java.util.ArrayList.forEach(ArrayList.java:1511)
... Removed 33 stack frames]]>
    </failure>
  </testcase> <!-- testAppURL -->
  <testcase classname="day41.Orangehrm2" name="testHomePageTitle" time="0.0">
    <skipped/>
  </testcase> <!-- testHomePageTitle -->
</testsuite> <!-- Test -->
